2016-05-16 14:17:02,650: INFO - mpcs_utils (line 40): https://ec2-54-236-84-170.compute-1.amazonaws.com:4433/
2016-05-16 14:17:25,770: INFO - mpcs_utils (line 50): https://ec2-54-236-84-170.compute-1.amazonaws.com:4433/register
2016-05-16 14:19:12,301: INFO - mpcs_utils (line 78): https://ec2-54-236-84-170.compute-1.amazonaws.com:4433/login
2016-05-16 14:19:22,293: INFO - mpcs_utils (line 78): https://ec2-54-236-84-170.compute-1.amazonaws.com:4433/login
2016-05-16 14:33:55,247: INFO - mpcs_utils (line 78): https://ec2-54-236-84-170.compute-1.amazonaws.com:4433/login
2016-05-16 14:34:02,127: INFO - mpcs_utils (line 78): https://ec2-54-236-84-170.compute-1.amazonaws.com:4433/login
2016-05-16 14:34:02,892: INFO - mpcs_utils (line 40): https://ec2-54-236-84-170.compute-1.amazonaws.com:4433/
2016-05-16 14:34:03,024: INFO - mpcs_utils (line 40): https://ec2-54-236-84-170.compute-1.amazonaws.com:4433/
2016-05-16 14:34:05,287: INFO - mpcs_utils (line 50): https://ec2-54-236-84-170.compute-1.amazonaws.com:4433/register
2016-05-16 14:38:34,922: INFO - mpcs_utils (line 50): https://ec2-54-236-84-170.compute-1.amazonaws.com:4433/register
2016-05-16 14:38:35,915: INFO - mpcs_utils (line 40): https://ec2-54-236-84-170.compute-1.amazonaws.com:4433/
2016-05-16 14:38:37,289: INFO - mpcs_utils (line 40): https://ec2-54-236-84-170.compute-1.amazonaws.com:4433/
2016-05-16 14:38:38,585: INFO - mpcs_utils (line 50): https://ec2-54-236-84-170.compute-1.amazonaws.com:4433/register
2016-05-16 14:40:59,898: INFO - mpcs_utils (line 78): https://ec2-54-236-84-170.compute-1.amazonaws.com:4433/login
2016-05-16 14:41:07,425: INFO - mpcs_utils (line 78): https://ec2-54-236-84-170.compute-1.amazonaws.com:4433/login
2016-05-16 14:41:14,602: INFO - mpcs_utils (line 50): https://ec2-54-236-84-170.compute-1.amazonaws.com:4433/register
2016-05-16 14:45:56,507: INFO - mpcs_utils (line 50): https://ec2-54-236-84-170.compute-1.amazonaws.com:4433/register
2016-05-16 14:45:56,820: INFO - mpcs_utils (line 40): https://ec2-54-236-84-170.compute-1.amazonaws.com:4433/
2016-05-16 14:45:57,793: INFO - mpcs_utils (line 40): https://ec2-54-236-84-170.compute-1.amazonaws.com:4433/
2016-05-16 14:46:25,526: INFO - mpcs_utils (line 50): https://ec2-54-236-84-170.compute-1.amazonaws.com:4433/register
2016-05-16 15:00:12,994: INFO - mpcs_utils (line 40): https://ec2-54-236-84-170.compute-1.amazonaws.com:4433/
2016-05-16 15:00:20,254: INFO - mpcs_utils (line 50): https://ec2-54-236-84-170.compute-1.amazonaws.com:4433/register
2016-05-16 15:14:40,040: INFO - mpcs_utils (line 40): https://ec2-54-236-84-170.compute-1.amazonaws.com:4433/
2016-05-16 15:14:41,747: INFO - mpcs_utils (line 50): https://ec2-54-236-84-170.compute-1.amazonaws.com:4433/register
2016-05-16 15:15:20,465: INFO - mpcs_utils (line 66): https://ec2-54-236-84-170.compute-1.amazonaws.com:4433/register/998d624b53034b2ebc2043922fbb4815
2016-05-16 15:15:24,454: INFO - mpcs_utils (line 78): https://ec2-54-236-84-170.compute-1.amazonaws.com:4433/login
2016-05-16 15:16:12,398: INFO - mpcs_utils (line 78): https://ec2-54-236-84-170.compute-1.amazonaws.com:4433/login
2016-05-16 15:17:05,534: INFO - mpcs_utils (line 40): https://ec2-54-236-84-170.compute-1.amazonaws.com:4433/
2016-05-16 15:38:45,283: INFO - mpcs_utils (line 43): https://ec2-54-236-84-170.compute-1.amazonaws.com:4433/
2016-05-16 15:38:50,374: INFO - mpcs_utils (line 81): https://ec2-54-236-84-170.compute-1.amazonaws.com:4433/login
2016-05-16 15:39:11,989: INFO - mpcs_utils (line 43): https://ec2-54-236-84-170.compute-1.amazonaws.com:4433/
2016-05-16 15:39:12,927: INFO - mpcs_utils (line 43): https://ec2-54-236-84-170.compute-1.amazonaws.com:4433/
2016-05-16 15:39:19,054: INFO - mpcs_utils (line 43): https://ec2-54-236-84-170.compute-1.amazonaws.com:4433/
2016-05-16 15:50:56,976: INFO - mpcs_utils (line 43): https://ec2-54-236-84-170.compute-1.amazonaws.com:4433/
2016-05-16 16:14:07,474: INFO - mpcs_utils (line 43): https://ec2-54-236-84-170.compute-1.amazonaws.com:4433/
2016-05-16 16:14:15,015: INFO - mpcs_utils (line 43): https://ec2-54-236-84-170.compute-1.amazonaws.com:4433/
2016-05-16 16:14:33,812: INFO - mpcs_utils (line 43): https://ec2-54-236-84-170.compute-1.amazonaws.com:4433/
2016-05-16 16:14:34,655: INFO - mpcs_utils (line 43): https://ec2-54-236-84-170.compute-1.amazonaws.com:4433/
2016-05-16 16:14:46,634: INFO - mpcs_utils (line 99): https://ec2-54-236-84-170.compute-1.amazonaws.com:4433/logout
2016-05-16 16:14:46,952: INFO - mpcs_utils (line 81): https://ec2-54-236-84-170.compute-1.amazonaws.com:4433/login
2016-05-16 16:14:51,587: INFO - mpcs_utils (line 81): https://ec2-54-236-84-170.compute-1.amazonaws.com:4433/login
2016-05-16 16:14:52,425: INFO - mpcs_utils (line 43): https://ec2-54-236-84-170.compute-1.amazonaws.com:4433/
2016-05-16 16:14:52,837: INFO - mpcs_utils (line 81): https://ec2-54-236-84-170.compute-1.amazonaws.com:4433/login
2016-05-16 16:14:54,549: INFO - mpcs_utils (line 81): https://ec2-54-236-84-170.compute-1.amazonaws.com:4433/login
2016-05-16 22:28:50,941: INFO - mpcs_utils (line 43): https://ec2-54-236-84-170.compute-1.amazonaws.com:4433/
2016-05-16 22:28:56,354: INFO - mpcs_utils (line 81): https://ec2-54-236-84-170.compute-1.amazonaws.com:4433/login
2016-05-16 22:29:14,669: INFO - mpcs_utils (line 43): https://ec2-54-236-84-170.compute-1.amazonaws.com:4433/
2016-05-16 22:29:14,838: INFO - mpcs_utils (line 43): https://ec2-54-236-84-170.compute-1.amazonaws.com:4433/
2016-05-22 11:09:29,868: INFO - mpcs_utils (line 43): https://xueyin.ucmpcs.org:4433/
2016-05-22 11:09:43,176: INFO - mpcs_utils (line 53): https://xueyin.ucmpcs.org:4433/register
2016-05-22 11:35:00,238: INFO - mpcs_utils (line 43): https://xueyin.ucmpcs.org:4433/
2016-05-22 11:35:03,517: INFO - mpcs_utils (line 53): https://xueyin.ucmpcs.org:4433/register
2016-05-22 11:35:44,273: INFO - mpcs_utils (line 69): https://xueyin.ucmpcs.org:4433/register/92347be2513c44ffa10531105dcf8fa8
2016-05-22 11:35:47,948: INFO - mpcs_utils (line 81): https://xueyin.ucmpcs.org:4433/login
2016-05-22 13:17:00,743: INFO - mpcs_utils (line 44): https://xueyin.ucmpcs.org:4433/
2016-05-22 13:17:01,272: INFO - mpcs_utils (line 44): https://xueyin.ucmpcs.org:4433/
2016-05-22 16:36:09,695: INFO - mpcs_utils (line 44): https://xueyin.ucmpcs.org:4433/
2016-05-22 16:36:23,619: INFO - mpcs_utils (line 44): https://xueyin.ucmpcs.org:4433/
2016-05-22 16:38:22,960: INFO - mpcs_utils (line 44): https://xueyin.ucmpcs.org:4433/
2016-05-22 16:38:28,199: INFO - mpcs_utils (line 44): https://xueyin.ucmpcs.org:4433/
2016-05-22 16:38:57,094: INFO - mpcs_utils (line 44): https://xueyin.ucmpcs.org:4433/
2016-05-22 18:03:19,177: INFO - mpcs_utils (line 44): https://xueyin.ucmpcs.org:4433/
2016-05-22 18:05:15,658: INFO - mpcs_utils (line 44): https://xueyin.ucmpcs.org:4433/
2016-05-22 18:05:46,012: INFO - mpcs_utils (line 44): https://xueyin.ucmpcs.org:4433/
2016-05-22 18:06:21,886: INFO - mpcs_utils (line 44): https://xueyin.ucmpcs.org:4433/
2016-05-25 10:35:23,356: INFO - mpcs_utils (line 44): https://xueyin.ucmpcs.org:4433/
2016-05-25 10:35:26,583: INFO - mpcs_utils (line 82): https://xueyin.ucmpcs.org:4433/login
2016-05-30 11:43:48,347: INFO - mpcs_utils (line 44): https://xueyin.ucmpcs.org:4433/
2016-05-30 11:43:55,276: INFO - mpcs_utils (line 82): https://xueyin.ucmpcs.org:4433/login
2016-05-30 11:59:52,283: INFO - mpcs_utils (line 44): https://xueyin.ucmpcs.org:4433/
2016-05-30 11:59:53,858: INFO - mpcs_utils (line 44): https://xueyin.ucmpcs.org:4433/
2016-05-30 12:01:12,568: INFO - mpcs_utils (line 44): https://xueyin.ucmpcs.org:4433/
2016-05-30 12:01:13,196: INFO - mpcs_utils (line 44): https://xueyin.ucmpcs.org:4433/
2016-05-30 12:06:53,286: INFO - mpcs_utils (line 44): https://xueyin.ucmpcs.org:4433/
2016-05-30 12:06:53,690: INFO - mpcs_utils (line 44): https://xueyin.ucmpcs.org:4433/
2016-05-30 12:23:11,903: INFO - mpcs_utils (line 44): https://xueyin.ucmpcs.org:4433/
2016-05-30 12:44:07,819: INFO - mpcs_utils (line 44): https://xueyin.ucmpcs.org:4433/
2016-05-30 13:13:36,858: INFO - mpcs_utils (line 44): https://xueyin.ucmpcs.org:4433/
2016-05-30 16:02:01,763: INFO - mpcs_utils (line 44): https://xueyin.ucmpcs.org:4433/
2016-06-02 20:22:25,126: INFO - mpcs_utils (line 55): https://xueyin.ucmpcs.org:4433/
2016-06-02 20:22:28,874: INFO - mpcs_utils (line 65): https://xueyin.ucmpcs.org:4433/register
2016-06-02 20:23:05,761: INFO - mpcs_utils (line 80): https://xueyin.ucmpcs.org:4433/register/a4321d571c3246cca80a7ccd06b29568
2016-06-02 20:23:10,057: INFO - mpcs_utils (line 91): https://xueyin.ucmpcs.org:4433/login
2016-06-02 20:23:17,868: INFO - mpcs_utils (line 91): https://xueyin.ucmpcs.org:4433/login
2016-06-02 20:23:32,624: INFO - mpcs_utils (line 55): https://xueyin.ucmpcs.org:4433/
2016-06-02 20:35:03,189: INFO - mpcs_utils (line 55): https://xueyin.ucmpcs.org:4433/
2016-06-02 20:37:02,755: INFO - mpcs_utils (line 55): https://xueyin.ucmpcs.org:4433/
2016-06-02 20:41:04,436: INFO - mpcs_utils (line 112): https://xueyin.ucmpcs.org:4433/logout
2016-06-02 20:41:04,478: INFO - mpcs_utils (line 91): https://xueyin.ucmpcs.org:4433/login
2016-06-02 20:41:06,193: INFO - mpcs_utils (line 65): https://xueyin.ucmpcs.org:4433/register
2016-06-02 20:41:36,442: INFO - mpcs_utils (line 80): https://xueyin.ucmpcs.org:4433/register/cf019a07ab0d4cc49d5dbf105dd2b640
2016-06-02 20:41:38,576: INFO - mpcs_utils (line 91): https://xueyin.ucmpcs.org:4433/login
2016-06-02 20:52:16,583: INFO - mpcs_utils (line 112): https://xueyin.ucmpcs.org:4433/logout
2016-06-02 20:52:16,626: INFO - mpcs_utils (line 91): https://xueyin.ucmpcs.org:4433/login
2016-06-02 20:52:19,036: INFO - mpcs_utils (line 65): https://xueyin.ucmpcs.org:4433/register
2016-06-02 20:52:55,274: INFO - mpcs_utils (line 80): https://xueyin.ucmpcs.org:4433/register/d7014d65d8e940888f1616b4815cabcb
2016-06-02 20:52:57,245: INFO - mpcs_utils (line 91): https://xueyin.ucmpcs.org:4433/login
2016-06-02 21:13:44,426: INFO - mpcs_utils (line 55): https://xueyin.ucmpcs.org:4433/
2016-06-02 21:27:54,862: INFO - mpcs_utils (line 65): https://xueyin.ucmpcs.org:4433/register
2016-06-02 21:28:26,929: INFO - mpcs_utils (line 80): https://xueyin.ucmpcs.org:4433/register/9240e9785c1e4817a68bd3a97f02c168
2016-06-02 21:28:28,626: INFO - mpcs_utils (line 91): https://xueyin.ucmpcs.org:4433/login
2016-06-02 21:28:38,507: INFO - mpcs_utils (line 91): https://xueyin.ucmpcs.org:4433/login
2016-06-02 21:31:46,236: INFO - mpcs_utils (line 55): https://xueyin.ucmpcs.org:4433/
